22:05:53.300 [TestNG-tests-1] INFO  testCase.TC003_Login_DD - ***clicksLogin_button***
22:05:53.829 [TestNG-tests-1] INFO  testCase.TC003_Login_DD - ***clicks logout***
22:05:53.829 [TestNG-tests-1] INFO  testCase.TC003_Login_DD - ***TC003_LoginTest_DD_testcase failed***
22:05:53.830 [TestNG-tests-1] INFO  testCase.TC003_Login_DD - ***test failed***null
22:05:53.830 [TestNG-tests-1] INFO  testCase.TC003_Login_DD - ****test completed****
22:05:54.046 [TestNG-tests-1] INFO  testCase.TC003_Login_DD - ****test started TC002_Login_Test
22:05:54.092 [TestNG-tests-1] INFO  testCase.TC003_Login_DD - ****click_myaccount
22:05:54.339 [TestNG-tests-1] INFO  testCase.TC003_Login_DD - ***click_Login***
22:05:54.472 [TestNG-tests-1] INFO  testCase.TC003_Login_DD - ***sendusername***
22:05:54.554 [TestNG-tests-1] INFO  testCase.TC003_Login_DD - ***sendpassword***
22:05:55.005 [TestNG-tests-1] INFO  testCase.TC003_Login_DD - ***clicksLogin_button***
22:05:55.578 [TestNG-tests-1] INFO  testCase.TC003_Login_DD - ***clicks logout***
22:05:55.579 [TestNG-tests-1] INFO  testCase.TC003_Login_DD - ***TC003_LoginTest_DD_testcase failed***
22:05:55.579 [TestNG-tests-1] INFO  testCase.TC003_Login_DD - ***test failed***null
22:05:55.579 [TestNG-tests-1] INFO  testCase.TC003_Login_DD - ****test completed****
22:05:55.821 [TestNG-tests-1] INFO  testCase.TC003_Login_DD - ****test started TC002_Login_Test
22:05:55.881 [TestNG-tests-1] INFO  testCase.TC003_Login_DD - ****click_myaccount
22:05:56.108 [TestNG-tests-1] INFO  testCase.TC003_Login_DD - ***click_Login***
22:05:56.233 [TestNG-tests-1] INFO  testCase.TC003_Login_DD - ***sendusername***
22:05:56.339 [TestNG-tests-1] INFO  testCase.TC003_Login_DD - ***sendpassword***
22:05:56.745 [TestNG-tests-1] INFO  testCase.TC003_Login_DD - ***clicksLogin_button***
22:06:06.788 [TestNG-tests-1] INFO  testCase.TC003_Login_DD - ****test completed****
22:06:06.890 [TestNG-tests-1] INFO  testCase.TC003_Login_DD - ****test started TC002_Login_Test
22:06:06.924 [TestNG-tests-1] INFO  testCase.TC003_Login_DD - ****click_myaccount
22:06:07.619 [TestNG-tests-1] INFO  testCase.TC003_Login_DD - ***click_Login***
22:06:07.755 [TestNG-tests-1] INFO  testCase.TC003_Login_DD - ***sendusername***
22:06:07.842 [TestNG-tests-1] INFO  testCase.TC003_Login_DD - ***sendpassword***
22:06:08.305 [TestNG-tests-1] INFO  testCase.TC003_Login_DD - ***clicksLogin_button***
22:06:10.140 [TestNG-tests-1] INFO  testCase.TC003_Login_DD - ***clicks logout***
22:06:10.140 [TestNG-tests-1] INFO  testCase.TC003_Login_DD - ***TC003_LoginTest_DD_testcase passed***
22:06:10.141 [TestNG-tests-1] INFO  testCase.TC003_Login_DD - ****test completed****
22:06:10.143 [TestNG-tests-1] INFO  testCase.TC003_Login_DD - ****test started TC002_Login_Test
22:06:10.209 [TestNG-tests-1] INFO  testCase.TC003_Login_DD - ****click_myaccount
22:06:10.578 [TestNG-tests-1] INFO  testCase.TC003_Login_DD - ***click_Login***
22:06:10.701 [TestNG-tests-1] INFO  testCase.TC003_Login_DD - ***sendusername***
22:06:10.791 [TestNG-tests-1] INFO  testCase.TC003_Login_DD - ***sendpassword***
22:06:11.243 [TestNG-tests-1] INFO  testCase.TC003_Login_DD - ***clicksLogin_button***
22:06:21.318 [TestNG-tests-1] INFO  testCase.TC003_Login_DD - ****test completed****
22:06:23.495 [TestNG-tests-1] INFO  testCase.TC001_AccountRegistrerationTest - ***test case started: TC001_AccountRegistrerationTest
22:06:23.568 [TestNG-tests-1] INFO  testCase.TC001_AccountRegistrerationTest - ***clicks on my account***
22:06:23.842 [TestNG-tests-1] INFO  testCase.TC001_AccountRegistrerationTest - ***clicks on my Register***
22:06:24.792 [TestNG-tests-1] INFO  testCase.TC001_AccountRegistrerationTest - ***clicks on continue_button***
22:06:24.862 [TestNG-tests-1] INFO  testCase.TC001_AccountRegistrerationTest - ***testcase passed***
22:06:24.862 [TestNG-tests-1] INFO  testCase.TC001_AccountRegistrerationTest - ***testcase finished***
